# Datalog Version: 1.00
# Image Name: canopy.png
# Image Path: test_images/Larger/canopy.png
# Image Resolution: 2100x1800
# Base Signal: 606421
# Noise Model: uniform
# Grid Widths: 3,5,10,20,30,50,100,150,300,
# Timestamp, Noise%, Signal, Gridcount, Boxes Counted ..., Dimension, Variance
20160209_121549,0.0,606421,R9,77410,30618,8905,2625,1295,542,174,83,26,D,1.7433540060981505,V,0.004410222813518218
20160209_121602,0.001,606456,R9,77444,30652,8938,2658,1327,571,197,105,36,D,1.6671969192479323,V,0.012701827024002226
20160209_121613,0.002,606470,R9,77458,30665,8949,2665,1333,573,200,108,41,D,1.6419144123005753,V,0.02192839584193084
20160209_121626,0.003,606528,R9,77514,30721,9005,2721,1382,623,231,125,42,D,1.6323422619473285,V,0.017807246899058365
20160209_121639,0.004,606549,R9,77534,30740,9022,2733,1396,640,249,136,41,D,1.6337098928336338,V,0.024701994185111483
20160209_121651,0.005,606590,R9,77574,30776,9058,2772,1438,663,262,144,42,D,1.6262688499242726,V,0.028504234239268695
20160209_121704,0.006,606617,R9,77596,30799,9076,2784,1442,672,264,143,42,D,1.6276630394651637,V,0.02656407664060224
20160209_121716,0.007,606668,R9,77651,30853,9130,2837,1495,719,290,157,42,D,1.6235581023386327,V,0.04023697014080957
20160209_121729,0.008,606653,R9,77639,30842,9125,2827,1482,700,272,148,42,D,1.6247249772811743,V,0.0287241108580138
20160209_121741,0.009,606716,R9,77697,30902,9179,2877,1525,746,296,150,42,D,1.6302123657400858,V,0.03386619125469837
20160209_121754,0.01,606755,R9,77732,30932,9206,2907,1550,769,308,163,42,D,1.6230491877675275,V,0.046285325597813474
20160209_121806,0.02,607117,R9,78084,31288,9537,3206,1816,948,351,166,42,D,1.6267928107574305,V,0.060837318210339164
20160209_121819,0.03,607367,R9,78322,31501,9746,3389,1987,1068,370,168,42,D,1.6260226468287695,V,0.07945032122213733
20160209_121831,0.04,607655,R9,78615,31791,10002,3599,2144,1147,373,168,42,D,1.625643576111362,V,0.0835792434654766
20160209_121843,0.05,607942,R9,78886,32057,10267,3830,2324,1208,374,168,42,D,1.6257903530086888,V,0.08567287970847941
20160209_121855,0.06,608266,R9,79199,32358,10531,4037,2482,1283,375,168,42,D,1.6251750461767895,V,0.09369219599176148
20160209_121908,0.07,608599,R9,79512,32648,10826,4266,2638,1325,378,168,42,D,1.6276958817667386,V,0.0970360864355559
20160209_121919,0.08,608997,R9,79919,33053,11179,4545,2824,1387,378,168,42,D,1.6289817697222955,V,0.10328437589958082
20160209_121931,0.09,609343,R9,80250,33381,11472,4707,2917,1409,378,168,42,D,1.6307656231843826,V,0.10353570354372302
20160209_121942,0.1,609551,R9,80448,33542,11612,4826,2978,1411,378,168,42,D,1.6328462273845052,V,0.10238080031156614
20160209_121953,0.2,612774,R9,83548,36510,14146,6383,3732,1509,378,168,42,D,1.6537459192098651,V,0.11704173515601383
20160209_122003,0.3,616077,R9,86681,39410,16437,7394,4002,1509,378,168,42,D,1.6722058357366398,V,0.12244167191255782
20160209_122012,0.4,619059,R9,89475,42073,18431,8065,4131,1512,378,168,42,D,1.684729610794043,V,0.12984266761722849
20160209_122022,0.5,622213,R9,92528,44771,20368,8548,4166,1512,378,168,42,D,1.6958449228289907,V,0.13593420760107017
20160209_122032,0.6,625503,R9,95549,47508,21995,8851,4189,1512,378,168,42,D,1.7039942693730363,V,0.14066259424638092
20160209_122041,0.7,628655,R9,98427,50083,23490,9016,4194,1512,378,168,42,D,1.7101460663915091,V,0.14369689091510948
20160209_122051,0.8,631819,R9,101297,52515,24825,9190,4199,1512,378,168,42,D,1.7164972342026512,V,0.14811168112608888
20160209_122100,0.9,635116,R9,104287,55122,26142,9268,4198,1512,378,168,42,D,1.72159364791246,V,0.15066141423198995
20160209_122112,1.0,638457,R9,107311,57646,27283,9325,4200,1512,378,168,42,D,1.7264607965378567,V,0.15254078620770545
20160209_122124,2.0,669644,R9,134118,78201,33874,9447,4200,1512,378,168,42,D,1.7630608755012465,V,0.15653064336386427
20160209_122133,3.0,702106,R9,159800,95270,36455,9450,4200,1512,378,168,42,D,1.7932662654339724,V,0.1447287279022708
20160209_122142,4.0,733541,R9,182845,107843,37321,9450,4200,1512,378,168,42,D,1.818252684920581,V,0.12717045853734624
20160209_122150,5.0,765050,R9,204349,117990,37655,9450,4200,1512,378,168,42,D,1.839673293639603,V,0.11053784769229748
20160209_122159,6.0,797022,R9,223820,125561,37749,9450,4200,1512,378,168,42,D,1.857941330901082,V,0.09478532430735476
20160209_122208,7.0,828903,R9,242056,131676,37781,9450,4200,1512,378,168,42,D,1.8740473554656778,V,0.08081441680472634
20160209_122216,8.0,859962,R9,258323,136153,37787,9450,4200,1512,378,168,42,D,1.8878111296261961,V,0.06842374235068459
20160209_122224,9.0,891763,R9,273410,139927,37799,9450,4200,1512,378,168,42,D,1.8999409972221264,V,0.05809773664888864
20160209_122232,10.0,924088,R9,287616,142587,37800,9450,4200,1512,378,168,42,D,1.9111239790792405,V,0.04804796836151901
20160209_122239,15.0,1082379,R9,340931,149114,37800,9450,4200,1512,378,168,42,D,1.9498555805946878,V,0.01793329467983933
20160209_122246,20.0,1241217,R9,374016,150751,37800,9450,4200,1512,378,168,42,D,1.971816735067638,V,0.006083237491615418
20160209_122252,25.0,1399495,R9,394261,151114,37800,9450,4200,1512,378,168,42,D,1.984561284289149,V,0.0018780587502956537
20160209_122259,30.0,1558960,R9,406214,151189,37800,9450,4200,1512,378,168,42,D,1.9918378555724967,V,0.000531009759134885
20160209_122308,35.0,1718028,R9,412934,151199,37800,9450,4200,1512,378,168,42,D,1.9958485839047677,V,0.0001377835303820771
20160209_122314,40.0,1875765,R9,416564,151200,37800,9450,4200,1512,378,168,42,D,1.9979898717809803,V,3.23249236551928e-05
20160209_122320,45.0,2033728,R9,418482,151200,37800,9450,4200,1512,378,168,42,D,1.9991139752840545,V,6.280318378129567e-06
20160209_122325,50.0,2194441,R9,419363,151200,37800,9450,4200,1512,378,168,42,D,1.999628587061029,V,1.1035805698798502e-06
