Timestamp,Jobcode,Imagename,Noise,G9,3,5,10,20,30,50,100,150,300,
15122015_12:40:48,mLVjktX7,circle.png,0,R9,1913,1191,617,315,213,127,63,45,23,
15122015_12:41:2,mLVjktX7,circle.png,1,R9,3790,3052,2422,1980,1665,1125,376,168,42,
15122015_12:41:17,mLVjktX7,circle.png,2,R9,5565,4803,4068,3260,2546,1379,378,168,42,
15122015_12:41:35,mLVjktX7,circle.png,3,R9,7600,6784,5846,4478,3193,1486,378,168,42,
15122015_12:41:49,mLVjktX7,circle.png,4,R9,9437,8583,7445,5421,3565,1505,378,168,42,
15122015_12:42:4,mLVjktX7,circle.png,5,R9,11338,10431,8975,6169,3800,1507,378,168,42,
15122015_12:42:17,mLVjktX7,circle.png,6,R9,13108,12092,10249,6724,3952,1510,378,168,42,
15122015_12:42:32,mLVjktX7,circle.png,7,R9,14969,13863,11668,7223,4028,1512,378,168,42,
15122015_12:42:48,mLVjktX7,circle.png,8,R9,16653,15422,12834,7575,4083,1512,378,168,42,
15122015_12:43:1,mLVjktX7,circle.png,9,R9,18575,17230,14124,7933,4131,1512,378,168,42,
15122015_12:43:17,mLVjktX7,circle.png,10,R9,20253,18765,15142,8239,4158,1512,378,168,42,
15122015_12:43:31,mLVjktX7,circle.png,11,R9,22245,20620,16343,8437,4176,1512,378,168,42,
15122015_12:43:48,mLVjktX7,circle.png,12,R9,23980,22176,17454,8647,4186,1512,378,168,42,
15122015_12:44:6,mLVjktX7,circle.png,13,R9,25949,23987,18582,8817,4193,1512,378,168,42,
15122015_12:44:21,mLVjktX7,circle.png,14,R9,27795,25510,19501,8883,4188,1512,378,168,42,
15122015_12:44:35,mLVjktX7,circle.png,15,R9,29264,26914,20339,9001,4198,1512,378,168,42,
15122015_12:44:47,mLVjktX7,circle.png,16,R9,30874,28290,20971,9068,4196,1512,378,168,42,
15122015_12:45:2,mLVjktX7,circle.png,17,R9,32637,29922,21921,9111,4196,1512,378,168,42,
15122015_12:45:20,mLVjktX7,circle.png,18,R9,34574,31559,22817,9218,4198,1512,378,168,42,
15122015_12:45:36,mLVjktX7,circle.png,19,R9,36571,33280,23542,9263,4200,1512,378,168,42,
15122015_12:45:50,mLVjktX7,circle.png,20,R9,37872,34342,24053,9281,4199,1512,378,168,42,
15122015_12:46:41,mLVjktX7,kochSnowflake.png,0,R9,8198,4343,1915,780,468,217,100,54,18,
15122015_12:46:59,mLVjktX7,kochSnowflake.png,1,R9,10089,6211,3708,2393,1822,1164,375,168,42,
15122015_12:47:18,mLVjktX7,kochSnowflake.png,2,R9,11913,8001,5368,3650,2689,1402,378,168,42,
15122015_12:47:32,mLVjktX7,kochSnowflake.png,3,R9,13837,9872,6997,4770,3287,1485,378,168,42,
15122015_12:47:51,mLVjktX7,kochSnowflake.png,4,R9,15643,11605,8521,5587,3616,1500,378,168,42,
15122015_12:48:6,mLVjktX7,kochSnowflake.png,5,R9,17407,13286,9879,6271,3803,1508,378,168,42,
15122015_12:48:22,mLVjktX7,kochSnowflake.png,6,R9,19255,15028,11326,6894,3959,1511,378,168,42,
15122015_12:48:36,mLVjktX7,kochSnowflake.png,7,R9,20866,16540,12459,7373,4045,1512,378,168,42,
15122015_12:48:50,mLVjktX7,kochSnowflake.png,8,R9,22765,18291,13707,7715,4106,1512,378,168,42,
15122015_12:49:3,mLVjktX7,kochSnowflake.png,9,R9,24615,20060,15002,8034,4139,1512,378,168,42,
15122015_12:49:16,mLVjktX7,kochSnowflake.png,10,R9,26289,21599,16036,8242,4147,1512,378,168,42,
15122015_12:49:30,mLVjktX7,kochSnowflake.png,11,R9,28104,23182,17096,8470,4173,1512,378,168,42,
15122015_12:49:44,mLVjktX7,kochSnowflake.png,12,R9,30036,24928,18155,8675,4183,1512,378,168,42,
15122015_12:49:57,mLVjktX7,kochSnowflake.png,13,R9,31705,26488,19121,8822,4189,1512,378,168,42,
15122015_12:50:9,mLVjktX7,kochSnowflake.png,14,R9,33567,28111,20042,8897,4195,1512,378,168,42,
15122015_12:50:28,mLVjktX7,kochSnowflake.png,15,R9,35091,29449,20918,9006,4198,1512,378,168,42,
15122015_12:50:41,mLVjktX7,kochSnowflake.png,16,R9,36760,30959,21752,9093,4200,1512,378,168,42,
15122015_12:50:53,mLVjktX7,kochSnowflake.png,17,R9,38675,32538,22586,9149,4199,1512,378,168,42,
15122015_12:51:5,mLVjktX7,kochSnowflake.png,18,R9,40134,33849,23157,9192,4200,1512,378,168,42,
15122015_12:51:18,mLVjktX7,kochSnowflake.png,19,R9,41719,35183,23869,9237,4199,1512,378,168,42,
15122015_12:51:28,mLVjktX7,kochSnowflake.png,20,R9,43751,36863,24573,9298,4199,1512,378,168,42,
15122015_12:52:6,mLVjktX7,canopy.png,0,R9,77410,30618,8905,2625,1295,542,174,83,26,
15122015_12:52:18,mLVjktX7,canopy.png,1,R9,78967,32138,10332,3881,2354,1232,377,168,42,
15122015_12:52:29,mLVjktX7,canopy.png,2,R9,80427,33537,11596,4831,3011,1430,378,168,42,
15122015_12:52:40,mLVjktX7,canopy.png,3,R9,82036,35103,12943,5696,3427,1490,378,168,42,
15122015_12:52:51,mLVjktX7,canopy.png,4,R9,83435,36435,14125,6345,3709,1506,378,168,42,
15122015_12:53:2,mLVjktX7,canopy.png,5,R9,84843,37748,15157,6859,3868,1512,378,168,42,
15122015_12:53:14,mLVjktX7,canopy.png,6,R9,86471,39272,16417,7395,4007,1511,378,168,42,
15122015_12:53:26,mLVjktX7,canopy.png,7,R9,87913,40594,17351,7757,4074,1512,378,168,42,
15122015_12:53:36,mLVjktX7,canopy.png,8,R9,89563,42202,18505,8070,4102,1512,378,168,42,
15122015_12:53:48,mLVjktX7,canopy.png,9,R9,90930,43325,19336,8335,4148,1512,378,168,42,
15122015_12:54:0,mLVjktX7,canopy.png,10,R9,92264,44617,20192,8516,4162,1512,378,168,42,
15122015_12:54:17,mLVjktX7,canopy.png,11,R9,93963,46135,21163,8690,4181,1512,378,168,42,
15122015_12:54:29,mLVjktX7,canopy.png,12,R9,95439,47477,21950,8809,4185,1512,378,168,42,
15122015_12:54:39,mLVjktX7,canopy.png,13,R9,96951,48864,22799,8961,4196,1512,378,168,42,
15122015_12:54:51,mLVjktX7,canopy.png,14,R9,98328,50014,23476,9058,4193,1512,378,168,42,
15122015_12:55:4,mLVjktX7,canopy.png,15,R9,100073,51511,24309,9137,4198,1512,378,168,42,
15122015_12:55:17,mLVjktX7,canopy.png,16,R9,101120,52433,24807,9156,4198,1512,378,168,42,
15122015_12:55:32,mLVjktX7,canopy.png,17,R9,102887,53850,25513,9222,4199,1512,378,168,42,
15122015_12:55:47,mLVjktX7,canopy.png,18,R9,104120,54951,26054,9279,4200,1512,378,168,42,
15122015_12:55:58,mLVjktX7,canopy.png,19,R9,105491,55971,26535,9286,4200,1512,378,168,42,
15122015_12:56:10,mLVjktX7,canopy.png,20,R9,107006,57409,27235,9327,4200,1512,378,168,42,
15122015_12:56:53,mLVjktX7,checkers.png,0,R9,210000,75600,18900,5334,2100,756,294,84,42,
15122015_12:57:6,mLVjktX7,checkers.png,1,R9,210974,76571,19856,6112,2894,1309,378,168,42,
15122015_12:57:18,mLVjktX7,checkers.png,2,R9,211840,77425,20654,6663,3319,1441,378,168,42,
15122015_12:57:26,mLVjktX7,checkers.png,3,R9,212827,78387,21521,7175,3640,1491,378,168,42,
15122015_12:57:36,mLVjktX7,checkers.png,4,R9,213770,79308,22363,7623,3875,1507,378,168,42,
15122015_12:57:45,mLVjktX7,checkers.png,5,R9,214754,80254,23146,7997,3978,1510,378,168,42,
15122015_12:57:56,mLVjktX7,checkers.png,6,R9,215601,81072,23819,8223,4065,1511,378,168,42,
15122015_12:58:4,mLVjktX7,checkers.png,7,R9,216674,82077,24620,8480,4107,1512,378,168,42,
15122015_12:58:15,mLVjktX7,checkers.png,8,R9,217520,82892,25183,8627,4137,1512,378,168,42,
15122015_12:58:24,mLVjktX7,checkers.png,9,R9,218356,83691,25784,8817,4173,1512,378,168,42,
15122015_12:58:31,mLVjktX7,checkers.png,10,R9,219273,84508,26353,8906,4179,1512,378,168,42,
15122015_12:58:40,mLVjktX7,checkers.png,11,R9,220184,85355,26890,8991,4186,1512,378,168,42,
15122015_12:58:51,mLVjktX7,checkers.png,12,R9,221123,86226,27498,9095,4192,1512,378,168,42,
15122015_12:59:3,mLVjktX7,checkers.png,13,R9,222009,86988,27890,9149,4194,1512,378,168,42,
15122015_12:59:12,mLVjktX7,checkers.png,14,R9,222892,87805,28443,9218,4196,1512,378,168,42,
15122015_12:59:19,mLVjktX7,checkers.png,15,R9,223785,88598,28848,9252,4200,1512,378,168,42,
15122015_12:59:27,mLVjktX7,checkers.png,16,R9,224679,89358,29360,9286,4199,1512,378,168,42,
15122015_12:59:34,mLVjktX7,checkers.png,17,R9,225621,90217,29793,9313,4200,1512,378,168,42,
15122015_12:59:44,mLVjktX7,checkers.png,18,R9,226438,90875,30154,9340,4200,1512,378,168,42,
15122015_12:59:51,mLVjktX7,checkers.png,19,R9,227209,91643,30520,9359,4199,1512,378,168,42,
15122015_12:59:59,mLVjktX7,checkers.png,20,R9,228186,92403,30901,9375,4200,1512,378,168,42,
15122015_13:1:42,NFzbzVQA,circle.png,0,R9,1913,1191,617,315,213,127,63,45,23,
15122015_13:1:57,NFzbzVQA,circle.png,1,R9,3822,3080,2467,2004,1711,1155,376,168,42,
15122015_13:2:10,NFzbzVQA,circle.png,2,R9,5692,4937,4192,3347,2616,1405,378,168,42,
15122015_13:2:22,NFzbzVQA,circle.png,3,R9,7511,6717,5810,4442,3152,1488,378,168,42,
15122015_13:2:34,NFzbzVQA,circle.png,4,R9,9330,8466,7327,5304,3522,1498,378,168,42,
15122015_13:2:46,NFzbzVQA,circle.png,5,R9,11088,10154,8771,6067,3753,1506,378,168,42,
15122015_13:2:58,NFzbzVQA,circle.png,6,R9,13200,12179,10381,6728,3956,1512,378,168,42,
15122015_13:3:9,NFzbzVQA,circle.png,7,R9,14959,13837,11682,7181,4040,1512,378,168,42,
15122015_13:3:21,NFzbzVQA,circle.png,8,R9,16717,15496,12906,7587,4094,1512,378,168,42,
15122015_13:3:32,NFzbzVQA,circle.png,9,R9,18345,17012,13991,7893,4124,1512,378,168,42,
15122015_13:3:44,NFzbzVQA,circle.png,10,R9,20350,18901,15282,8251,4153,1512,378,168,42,
15122015_13:3:55,NFzbzVQA,circle.png,11,R9,22260,20618,16459,8481,4173,1512,378,168,42,
15122015_13:4:6,NFzbzVQA,circle.png,12,R9,24152,22340,17536,8649,4183,1512,378,168,42,
15122015_13:4:17,NFzbzVQA,circle.png,13,R9,25926,23911,18493,8796,4193,1512,378,168,42,
15122015_13:4:30,NFzbzVQA,circle.png,14,R9,27569,25394,19426,8889,4193,1512,378,168,42,
15122015_13:4:43,NFzbzVQA,circle.png,15,R9,29307,26968,20318,8999,4189,1512,378,168,42,
15122015_13:4:55,NFzbzVQA,circle.png,16,R9,31017,28377,21117,9072,4199,1512,378,168,42,
15122015_13:5:7,NFzbzVQA,circle.png,17,R9,32475,29644,21730,9144,4198,1512,378,168,42,
15122015_13:5:19,NFzbzVQA,circle.png,18,R9,34435,31480,22753,9193,4200,1512,378,168,42,
15122015_13:5:30,NFzbzVQA,circle.png,19,R9,36368,33075,23535,9239,4197,1512,378,168,42,
15122015_13:5:42,NFzbzVQA,circle.png,20,R9,38119,34567,24236,9273,4199,1512,378,168,42,
15122015_13:6:24,NFzbzVQA,kochSnowflake.png,0,R9,8198,4343,1915,780,468,217,100,54,18,
15122015_13:6:38,NFzbzVQA,kochSnowflake.png,1,R9,9966,6094,3585,2271,1760,1109,376,168,42,
15122015_13:6:51,NFzbzVQA,kochSnowflake.png,2,R9,11730,7813,5189,3554,2639,1397,378,168,42,
15122015_13:7:4,NFzbzVQA,kochSnowflake.png,3,R9,13726,9761,6939,4721,3249,1486,378,168,42,
15122015_13:7:17,NFzbzVQA,kochSnowflake.png,4,R9,15586,11556,8494,5560,3601,1504,378,168,42,
15122015_13:7:29,NFzbzVQA,kochSnowflake.png,5,R9,17323,13197,9771,6215,3773,1505,378,168,42,
15122015_13:7:43,NFzbzVQA,kochSnowflake.png,6,R9,19387,15148,11342,6913,3970,1511,378,168,42,
15122015_13:7:55,NFzbzVQA,kochSnowflake.png,7,R9,21034,16722,12550,7306,4054,1512,378,168,42,
15122015_13:8:8,NFzbzVQA,kochSnowflake.png,8,R9,22750,18335,13721,7674,4093,1512,378,168,42,
15122015_13:8:20,NFzbzVQA,kochSnowflake.png,9,R9,24522,19935,14879,8019,4127,1512,378,168,42,
15122015_13:8:31,NFzbzVQA,kochSnowflake.png,10,R9,26302,21515,16018,8291,4144,1512,378,168,42,
15122015_13:8:44,NFzbzVQA,kochSnowflake.png,11,R9,28214,23337,17145,8520,4179,1512,378,168,42,
15122015_13:8:55,NFzbzVQA,kochSnowflake.png,12,R9,29896,24864,18165,8657,4189,1512,378,168,42,
15122015_13:9:7,NFzbzVQA,kochSnowflake.png,13,R9,31545,26231,18917,8767,4188,1512,378,168,42,
15122015_13:9:19,NFzbzVQA,kochSnowflake.png,14,R9,33380,27946,20065,8912,4190,1512,378,168,42,
15122015_13:9:31,NFzbzVQA,kochSnowflake.png,15,R9,35304,29643,20947,9005,4194,1512,378,168,42,
15122015_13:9:42,NFzbzVQA,kochSnowflake.png,16,R9,36957,31079,21691,9075,4196,1512,378,168,42,
15122015_13:9:54,NFzbzVQA,kochSnowflake.png,17,R9,38849,32752,22621,9185,4200,1512,378,168,42,
15122015_13:10:5,NFzbzVQA,kochSnowflake.png,18,R9,40301,34077,23309,9196,4200,1512,378,168,42,
15122015_13:10:16,NFzbzVQA,kochSnowflake.png,19,R9,42453,35763,24030,9259,4199,1512,378,168,42,
15122015_13:10:28,NFzbzVQA,kochSnowflake.png,20,R9,43857,36961,24656,9290,4200,1512,378,168,42,
15122015_13:11:8,NFzbzVQA,canopy.png,0,R9,77410,30618,8905,2625,1295,542,174,83,26,
15122015_13:11:19,NFzbzVQA,canopy.png,1,R9,78981,32153,10345,3889,2366,1261,377,168,42,
15122015_13:11:32,NFzbzVQA,canopy.png,2,R9,80633,33741,11799,4968,3040,1431,378,168,42,
15122015_13:11:44,NFzbzVQA,canopy.png,3,R9,82086,35144,13004,5766,3484,1495,378,168,42,
15122015_13:11:56,NFzbzVQA,canopy.png,4,R9,83620,36580,14253,6454,3745,1508,378,168,42,
15122015_13:12:7,NFzbzVQA,canopy.png,5,R9,85121,38005,15415,7033,3925,1509,378,168,42,
15122015_13:12:19,NFzbzVQA,canopy.png,6,R9,86698,39464,16535,7431,4016,1512,378,168,42,
15122015_13:12:30,NFzbzVQA,canopy.png,7,R9,88145,40800,17495,7774,4078,1512,378,168,42,
15122015_13:12:42,NFzbzVQA,canopy.png,8,R9,89589,42160,18468,8103,4111,1512,378,168,42,
15122015_13:12:53,NFzbzVQA,canopy.png,9,R9,90940,43328,19364,8298,4159,1512,378,168,42,
15122015_13:13:3,NFzbzVQA,canopy.png,10,R9,92440,44753,20213,8551,4176,1512,378,168,42,
15122015_13:13:13,NFzbzVQA,canopy.png,11,R9,93970,46128,21119,8695,4189,1512,378,168,42,
15122015_13:13:23,NFzbzVQA,canopy.png,12,R9,95345,47394,21941,8841,4192,1512,378,168,42,
15122015_13:13:33,NFzbzVQA,canopy.png,13,R9,96891,48780,22703,8921,4191,1512,378,168,42,
15122015_13:13:43,NFzbzVQA,canopy.png,14,R9,98613,50194,23537,9059,4196,1512,378,168,42,
15122015_13:13:54,NFzbzVQA,canopy.png,15,R9,99847,51295,24237,9112,4196,1512,378,168,42,
15122015_13:14:6,NFzbzVQA,canopy.png,16,R9,101505,52777,24928,9177,4196,1512,378,168,42,
15122015_13:14:22,NFzbzVQA,canopy.png,17,R9,102560,53654,25438,9226,4199,1512,378,168,42,
15122015_13:14:32,NFzbzVQA,canopy.png,18,R9,104114,54985,26062,9276,4199,1512,378,168,42,
15122015_13:14:42,NFzbzVQA,canopy.png,19,R9,105769,56468,26798,9314,4200,1512,378,168,42,
15122015_13:14:52,NFzbzVQA,canopy.png,20,R9,107370,57830,27380,9358,4200,1512,378,168,42,
15122015_13:15:28,NFzbzVQA,checkers.png,0,R9,210000,75600,18900,5334,2100,756,294,84,42,
15122015_13:15:37,NFzbzVQA,checkers.png,1,R9,210910,76506,19792,6039,2827,1285,377,168,42,
15122015_13:15:45,NFzbzVQA,checkers.png,2,R9,211893,77475,20719,6717,3356,1455,378,168,42,
15122015_13:15:53,NFzbzVQA,checkers.png,3,R9,212731,78308,21456,7147,3620,1495,378,168,42,
15122015_13:16:2,NFzbzVQA,checkers.png,4,R9,213772,79307,22348,7611,3867,1510,378,168,42,
15122015_13:16:10,NFzbzVQA,checkers.png,5,R9,214713,80209,23096,7968,3973,1512,378,168,42,
15122015_13:16:18,NFzbzVQA,checkers.png,6,R9,215586,81056,23805,8186,4073,1511,378,168,42,
15122015_13:16:26,NFzbzVQA,checkers.png,7,R9,216559,81977,24514,8423,4105,1512,378,168,42,
15122015_13:16:34,NFzbzVQA,checkers.png,8,R9,217447,82820,25172,8627,4146,1512,378,168,42,
15122015_13:16:42,NFzbzVQA,checkers.png,9,R9,218244,83577,25739,8759,4156,1512,378,168,42,
15122015_13:16:49,NFzbzVQA,checkers.png,10,R9,219183,84419,26299,8893,4181,1512,378,168,42,
15122015_13:16:57,NFzbzVQA,checkers.png,11,R9,220242,85397,26979,8994,4187,1512,378,168,42,
15122015_13:17:5,NFzbzVQA,checkers.png,12,R9,221339,86422,27533,9075,4191,1512,378,168,42,
15122015_13:17:13,NFzbzVQA,checkers.png,13,R9,221851,86844,27902,9146,4196,1512,378,168,42,
15122015_13:17:20,NFzbzVQA,checkers.png,14,R9,222936,87920,28511,9221,4196,1512,378,168,42,
15122015_13:17:28,NFzbzVQA,checkers.png,15,R9,223957,88775,29019,9254,4198,1512,378,168,42,
15122015_13:17:36,NFzbzVQA,checkers.png,16,R9,224644,89373,29371,9276,4196,1512,378,168,42,
15122015_13:17:44,NFzbzVQA,checkers.png,17,R9,225372,90027,29665,9312,4199,1512,378,168,42,
15122015_13:17:51,NFzbzVQA,checkers.png,18,R9,226337,90761,30004,9336,4200,1512,378,168,42,
15122015_13:17:59,NFzbzVQA,checkers.png,19,R9,227428,91774,30573,9379,4200,1512,378,168,42,
15122015_13:18:6,NFzbzVQA,checkers.png,20,R9,228403,92547,30969,9365,4199,1512,378,168,42,
