Timestamp,Jobcode,Imagename,Noise,G9,3,5,10,20,30,50,100,150,300,
15122015_20:57:38,ic7VjM1G,kochSnowflake.png,0,R9,8198,4343,1915,780,468,217,100,54,18,
15122015_20:57:53,ic7VjM1G,kochSnowflake.png,1,R9,10147,6264,3757,2420,1880,1143,377,168,42,
15122015_20:58:7,ic7VjM1G,kochSnowflake.png,2,R9,11859,7957,5324,3632,2693,1412,378,168,42,
15122015_20:58:19,ic7VjM1G,kochSnowflake.png,3,R9,13813,9823,6981,4716,3285,1488,378,168,42,
15122015_20:58:33,ic7VjM1G,kochSnowflake.png,4,R9,15586,11570,8472,5561,3591,1497,378,168,42,
15122015_20:58:46,ic7VjM1G,kochSnowflake.png,5,R9,17452,13335,9956,6333,3798,1511,378,168,42,
15122015_20:58:59,ic7VjM1G,kochSnowflake.png,6,R9,19337,15105,11343,6908,3950,1510,378,168,42,
15122015_20:59:12,ic7VjM1G,kochSnowflake.png,7,R9,20999,16730,12591,7327,4029,1512,378,168,42,
15122015_20:59:24,ic7VjM1G,kochSnowflake.png,8,R9,22745,18384,13761,7677,4093,1512,378,168,42,
15122015_20:59:36,ic7VjM1G,kochSnowflake.png,9,R9,24250,19720,14766,7998,4132,1512,378,168,42,
15122015_20:59:49,ic7VjM1G,kochSnowflake.png,10,R9,26409,21693,16089,8329,4161,1512,378,168,42,
15122015_21:0:2,ic7VjM1G,kochSnowflake.png,11,R9,28058,23221,17089,8442,4179,1512,378,168,42,
15122015_21:0:14,ic7VjM1G,kochSnowflake.png,12,R9,29728,24669,18044,8659,4182,1512,378,168,42,
15122015_21:0:26,ic7VjM1G,kochSnowflake.png,13,R9,31663,26397,19084,8804,4183,1512,378,168,42,
15122015_21:0:38,ic7VjM1G,kochSnowflake.png,14,R9,33388,28012,20011,8858,4196,1512,378,168,42,
15122015_21:0:50,ic7VjM1G,kochSnowflake.png,15,R9,35324,29627,21025,9041,4193,1512,378,168,42,
15122015_21:1:2,ic7VjM1G,kochSnowflake.png,16,R9,37078,31173,21726,9108,4198,1512,378,168,42,
15122015_21:1:14,ic7VjM1G,kochSnowflake.png,17,R9,38830,32749,22621,9170,4198,1512,378,168,42,
15122015_21:1:26,ic7VjM1G,kochSnowflake.png,18,R9,40463,34043,23332,9215,4200,1512,378,168,42,
15122015_21:1:38,ic7VjM1G,kochSnowflake.png,19,R9,41973,35436,23961,9264,4199,1512,378,168,42,
15122015_21:1:50,ic7VjM1G,kochSnowflake.png,20,R9,43748,36864,24646,9312,4200,1512,378,168,42,
15122015_21:2:1,ic7VjM1G,kochSnowflake.png,30,R9,60767,50731,29877,9430,4200,1512,378,168,42,
15122015_21:2:11,ic7VjM1G,kochSnowflake.png,40,R9,76673,62659,33029,9449,4200,1512,378,168,42,
15122015_21:2:22,ic7VjM1G,kochSnowflake.png,50,R9,92163,73072,34855,9448,4200,1512,378,168,42,
15122015_21:2:32,ic7VjM1G,kochSnowflake.png,70,R9,121249,90931,36761,9450,4200,1512,378,168,42,
15122015_21:2:41,ic7VjM1G,kochSnowflake.png,100,R9,160194,110620,37591,9450,4200,1512,378,168,42,
15122015_21:2:49,ic7VjM1G,kochSnowflake.png,150,R9,215707,130201,37782,9450,4200,1512,378,168,42,
15122015_21:2:57,ic7VjM1G,kochSnowflake.png,200,R9,260291,140670,37799,9450,4200,1512,378,168,42,
15122015_21:3:4,ic7VjM1G,kochSnowflake.png,300,R9,324490,148595,37800,9450,4200,1512,378,168,42,
15122015_21:3:10,ic7VjM1G,kochSnowflake.png,400,R9,365256,150644,37800,9450,4200,1512,378,168,42,
15122015_21:3:15,ic7VjM1G,kochSnowflake.png,500,R9,388994,151081,37800,9450,4200,1512,378,168,42,
15122015_21:3:20,ic7VjM1G,kochSnowflake.png,600,R9,403518,151185,37800,9450,4200,1512,378,168,42,
15122015_21:3:29,ic7VjM1G,kochSnowflake.png,100,R9,160199,110251,37621,9450,4200,1512,378,168,42,
15122015_21:3:34,ic7VjM1G,kochSnowflake.png,800,R9,415953,151200,37800,9450,4200,1512,378,168,42,
15122015_21:3:38,ic7VjM1G,kochSnowflake.png,900,R9,418117,151200,37800,9450,4200,1512,378,168,42,
15122015_21:3:43,ic7VjM1G,kochSnowflake.png,1000,R9,419203,151200,37800,9450,4200,1512,378,168,42,
15122015_21:3:47,ic7VjM1G,kochSnowflake.png,1100,R9,419667,151200,37800,9450,4200,1512,378,168,42,
15122015_21:3:51,ic7VjM1G,kochSnowflake.png,1200,R9,419887,151200,37800,9450,4200,1512,378,168,42,
15122015_21:3:55,ic7VjM1G,kochSnowflake.png,1300,R9,419980,151200,37800,9450,4200,1512,378,168,42,
15122015_21:4:0,ic7VjM1G,kochSnowflake.png,1400,R9,419991,151200,37800,9450,4200,1512,378,168,42,
15122015_21:4:4,ic7VjM1G,kochSnowflake.png,1500,R9,419999,151200,37800,9450,4200,1512,378,168,42,
15122015_21:4:8,ic7VjM1G,kochSnowflake.png,1700,R9,420000,151200,37800,9450,4200,1512,378,168,42,
15122015_21:4:12,ic7VjM1G,kochSnowflake.png,1900,R9,420000,151200,37800,9450,4200,1512,378,168,42,
15122015_21:13:26,1WHBQpLn,kochSnowflake.png,0,R9,8198,4343,1915,780,468,217,100,54,18,
15122015_21:13:39,1WHBQpLn,kochSnowflake.png,1,R9,9980,6089,3596,2302,1791,1125,378,168,42,
15122015_21:13:52,1WHBQpLn,kochSnowflake.png,2,R9,11824,7901,5272,3629,2655,1390,378,168,42,
15122015_21:14:5,1WHBQpLn,kochSnowflake.png,3,R9,13676,9706,6873,4706,3254,1488,378,168,42,
15122015_21:14:17,1WHBQpLn,kochSnowflake.png,4,R9,15589,11555,8456,5600,3581,1505,378,168,42,
15122015_21:14:29,1WHBQpLn,kochSnowflake.png,5,R9,17178,13075,9738,6204,3774,1510,378,168,42,
15122015_21:14:41,1WHBQpLn,kochSnowflake.png,6,R9,19350,15128,11335,6850,3954,1511,378,168,42,
15122015_21:14:53,1WHBQpLn,kochSnowflake.png,7,R9,20930,16604,12482,7301,4045,1512,378,168,42,
15122015_21:15:5,1WHBQpLn,kochSnowflake.png,8,R9,22673,18264,13686,7668,4090,1512,378,168,42,
15122015_21:15:17,1WHBQpLn,kochSnowflake.png,9,R9,24621,20054,14984,8047,4140,1512,378,168,42,
15122015_21:15:29,1WHBQpLn,kochSnowflake.png,10,R9,26521,21800,16189,8308,4144,1512,378,168,42,
15122015_21:15:41,1WHBQpLn,kochSnowflake.png,11,R9,28271,23331,17175,8499,4169,1512,378,168,42,
15122015_21:15:52,1WHBQpLn,kochSnowflake.png,12,R9,30049,24977,18204,8735,4190,1512,378,168,42,
15122015_21:16:4,1WHBQpLn,kochSnowflake.png,13,R9,31775,26533,19190,8819,4191,1512,378,168,42,
15122015_21:16:15,1WHBQpLn,kochSnowflake.png,14,R9,33423,27987,20077,8940,4196,1512,378,168,42,
15122015_21:16:27,1WHBQpLn,kochSnowflake.png,15,R9,35360,29648,20790,9001,4196,1512,378,168,42,
15122015_21:16:39,1WHBQpLn,kochSnowflake.png,16,R9,36746,30844,21553,9092,4198,1512,378,168,42,
15122015_21:16:50,1WHBQpLn,kochSnowflake.png,17,R9,38727,32611,22494,9161,4195,1512,378,168,42,
15122015_21:17:1,1WHBQpLn,kochSnowflake.png,18,R9,40200,33962,23199,9202,4200,1512,378,168,42,
15122015_21:17:12,1WHBQpLn,kochSnowflake.png,19,R9,42451,35877,24193,9284,4200,1512,378,168,42,
15122015_21:17:23,1WHBQpLn,kochSnowflake.png,20,R9,43680,36876,24575,9284,4200,1512,378,168,42,
15122015_21:17:34,1WHBQpLn,kochSnowflake.png,30,R9,60801,50728,29963,9437,4200,1512,378,168,42,
15122015_21:17:44,1WHBQpLn,kochSnowflake.png,40,R9,76822,62721,33096,9445,4200,1512,378,168,42,
15122015_21:17:54,1WHBQpLn,kochSnowflake.png,50,R9,92142,73044,34957,9450,4200,1512,378,168,42,
15122015_21:18:3,1WHBQpLn,kochSnowflake.png,70,R9,121614,91061,36773,9450,4200,1512,378,168,42,
15122015_21:18:12,1WHBQpLn,kochSnowflake.png,100,R9,160191,110504,37595,9450,4200,1512,378,168,42,
15122015_21:18:20,1WHBQpLn,kochSnowflake.png,150,R9,215968,130263,37784,9450,4200,1512,378,168,42,
15122015_21:18:27,1WHBQpLn,kochSnowflake.png,200,R9,260665,140649,37799,9450,4200,1512,378,168,42,
15122015_21:18:34,1WHBQpLn,kochSnowflake.png,300,R9,324705,148674,37800,9450,4200,1512,378,168,42,
15122015_21:18:39,1WHBQpLn,kochSnowflake.png,400,R9,364861,150669,37800,9450,4200,1512,378,168,42,
15122015_21:18:45,1WHBQpLn,kochSnowflake.png,500,R9,389046,151089,37800,9450,4200,1512,378,168,42,
15122015_21:18:50,1WHBQpLn,kochSnowflake.png,600,R9,403436,151174,37800,9450,4200,1512,378,168,42,
15122015_21:18:55,1WHBQpLn,kochSnowflake.png,700,R9,411553,151200,37800,9450,4200,1512,378,168,42,
15122015_21:18:59,1WHBQpLn,kochSnowflake.png,800,R9,415733,151199,37800,9450,4200,1512,378,168,42,
15122015_21:19:4,1WHBQpLn,kochSnowflake.png,900,R9,418054,151200,37800,9450,4200,1512,378,168,42,
15122015_21:19:8,1WHBQpLn,kochSnowflake.png,1000,R9,419189,151200,37800,9450,4200,1512,378,168,42,
15122015_21:19:13,1WHBQpLn,kochSnowflake.png,1100,R9,419702,151200,37800,9450,4200,1512,378,168,42,
15122015_21:19:17,1WHBQpLn,kochSnowflake.png,1200,R9,419875,151200,37800,9450,4200,1512,378,168,42,
15122015_21:19:21,1WHBQpLn,kochSnowflake.png,1300,R9,419967,151200,37800,9450,4200,1512,378,168,42,
15122015_21:19:25,1WHBQpLn,kochSnowflake.png,1400,R9,419992,151200,37800,9450,4200,1512,378,168,42,
15122015_21:19:29,1WHBQpLn,kochSnowflake.png,1500,R9,419999,151200,37800,9450,4200,1512,378,168,42,
15122015_21:19:33,1WHBQpLn,kochSnowflake.png,1700,R9,420000,151200,37800,9450,4200,1512,378,168,42,
15122015_21:19:37,1WHBQpLn,kochSnowflake.png,1900,R9,420000,151200,37800,9450,4200,1512,378,168,42,
412016_14:32:20,oLtEyTtm,kochSnowflake.png,0,R9,8198,4343,1915,780,468,217,100,54,18,
412016_14:32:34,oLtEyTtm,kochSnowflake.png,1,R9,10016,6132,3628,2338,1767,1127,375,168,42,
412016_14:32:47,oLtEyTtm,kochSnowflake.png,2,R9,11967,8055,5380,3693,2704,1418,378,168,42,
412016_14:33:0,oLtEyTtm,kochSnowflake.png,3,R9,13542,9596,6803,4634,3203,1483,378,168,42,
412016_14:33:13,oLtEyTtm,kochSnowflake.png,4,R9,15466,11420,8364,5486,3559,1505,378,168,42,
412016_14:33:26,oLtEyTtm,kochSnowflake.png,5,R9,17404,13290,9918,6291,3802,1510,378,168,42,
412016_14:33:38,oLtEyTtm,kochSnowflake.png,6,R9,19141,14976,11195,6815,3949,1511,378,168,42,
412016_14:33:51,oLtEyTtm,kochSnowflake.png,7,R9,21157,16821,12661,7372,4056,1512,378,168,42,
412016_14:34:3,oLtEyTtm,kochSnowflake.png,8,R9,22753,18301,13731,7692,4109,1512,378,168,42,
412016_14:34:16,oLtEyTtm,kochSnowflake.png,9,R9,24516,19965,14843,8016,4140,1512,378,168,42,
412016_14:34:28,oLtEyTtm,kochSnowflake.png,10,R9,26380,21583,16077,8307,4157,1512,378,168,42,
412016_14:34:40,oLtEyTtm,kochSnowflake.png,11,R9,28317,23444,17284,8546,4166,1512,378,168,42,
412016_14:34:52,oLtEyTtm,kochSnowflake.png,12,R9,29689,24690,18014,8625,4175,1512,378,168,42,
412016_14:35:5,oLtEyTtm,kochSnowflake.png,13,R9,32084,26793,19365,8831,4198,1512,378,168,42,
412016_14:35:17,oLtEyTtm,kochSnowflake.png,14,R9,33397,27992,20023,8907,4191,1512,378,168,42,
412016_14:35:28,oLtEyTtm,kochSnowflake.png,15,R9,35078,29347,20795,9040,4195,1512,378,168,42,
412016_14:35:40,oLtEyTtm,kochSnowflake.png,16,R9,37093,31228,21829,9073,4198,1512,378,168,42,
412016_14:35:52,oLtEyTtm,kochSnowflake.png,17,R9,38929,32810,22743,9164,4200,1512,378,168,42,
412016_14:36:4,oLtEyTtm,kochSnowflake.png,18,R9,40545,34162,23330,9229,4200,1512,378,168,42,
412016_14:36:16,oLtEyTtm,kochSnowflake.png,19,R9,42319,35702,24044,9257,4200,1512,378,168,42,
412016_14:36:27,oLtEyTtm,kochSnowflake.png,20,R9,43644,36865,24612,9294,4199,1512,378,168,42,
412016_14:36:38,oLtEyTtm,kochSnowflake.png,30,R9,60002,50037,29735,9429,4200,1512,378,168,42,
412016_14:36:49,oLtEyTtm,kochSnowflake.png,40,R9,76362,62441,33007,9448,4200,1512,378,168,42,
412016_14:36:59,oLtEyTtm,kochSnowflake.png,50,R9,91845,73217,34964,9450,4200,1512,378,168,42,
412016_14:37:9,oLtEyTtm,kochSnowflake.png,70,R9,121346,91025,36779,9450,4200,1512,378,168,42,
412016_14:37:18,oLtEyTtm,kochSnowflake.png,100,R9,160321,110422,37574,9450,4200,1512,378,168,42,
412016_14:37:26,oLtEyTtm,kochSnowflake.png,150,R9,216262,130306,37783,9450,4200,1512,378,168,42,
412016_14:37:34,oLtEyTtm,kochSnowflake.png,200,R9,261057,140612,37800,9450,4200,1512,378,168,42,
412016_14:37:40,oLtEyTtm,kochSnowflake.png,300,R9,325072,148668,37800,9450,4200,1512,378,168,42,
412016_14:37:46,oLtEyTtm,kochSnowflake.png,400,R9,364707,150659,37800,9450,4200,1512,378,168,42,
412016_14:37:52,oLtEyTtm,kochSnowflake.png,500,R9,389087,151084,37800,9450,4200,1512,378,168,42,
412016_14:37:57,oLtEyTtm,kochSnowflake.png,600,R9,403615,151182,37800,9450,4200,1512,378,168,42,
412016_14:38:2,oLtEyTtm,kochSnowflake.png,700,R9,411337,151198,37800,9450,4200,1512,378,168,42,
412016_14:38:7,oLtEyTtm,kochSnowflake.png,800,R9,415861,151200,37800,9450,4200,1512,378,168,42,
412016_14:38:11,oLtEyTtm,kochSnowflake.png,900,R9,418139,151200,37800,9450,4200,1512,378,168,42,
412016_14:38:15,oLtEyTtm,kochSnowflake.png,1000,R9,419175,151200,37800,9450,4200,1512,378,168,42,
412016_14:38:20,oLtEyTtm,kochSnowflake.png,1100,R9,419672,151200,37800,9450,4200,1512,378,168,42,
412016_14:38:24,oLtEyTtm,kochSnowflake.png,1200,R9,419892,151200,37800,9450,4200,1512,378,168,42,
412016_14:38:28,oLtEyTtm,kochSnowflake.png,1300,R9,419959,151200,37800,9450,4200,1512,378,168,42,
412016_14:38:32,oLtEyTtm,kochSnowflake.png,1400,R9,419995,151200,37800,9450,4200,1512,378,168,42,
412016_14:38:36,oLtEyTtm,kochSnowflake.png,1500,R9,420000,151200,37800,9450,4200,1512,378,168,42,
412016_14:38:40,oLtEyTtm,kochSnowflake.png,1700,R9,420000,151200,37800,9450,4200,1512,378,168,42,
412016_14:38:44,oLtEyTtm,kochSnowflake.png,1900,R9,420000,151200,37800,9450,4200,1512,378,168,42,
222016_5:1:0,nJZY8R0g,test_images/Larger/kochSnowflake.png,0,R9,8198,4343,1915,780,468,217,100,54,18,
222016_5:1:17,nJZY8R0g,test_images/Larger/kochSnowflake.png,1,R9,9999,6128,3630,2328,1782,1135,377,168,42,
222016_5:1:32,nJZY8R0g,test_images/Larger/kochSnowflake.png,2,R9,11951,8033,5378,3674,2673,1406,378,168,42,
222016_5:1:47,nJZY8R0g,test_images/Larger/kochSnowflake.png,3,R9,13769,9797,6957,4749,3242,1485,378,168,42,
222016_5:2:2,nJZY8R0g,test_images/Larger/kochSnowflake.png,4,R9,15780,11729,8558,5612,3607,1507,378,168,42,
222016_5:2:17,nJZY8R0g,test_images/Larger/kochSnowflake.png,5,R9,17279,13180,9797,6230,3783,1509,378,168,42,
222016_5:2:31,nJZY8R0g,test_images/Larger/kochSnowflake.png,6,R9,19313,15101,11390,6911,3972,1512,378,168,42,
222016_5:2:45,nJZY8R0g,test_images/Larger/kochSnowflake.png,7,R9,20889,16583,12509,7262,4044,1512,378,168,42,
222016_5:3:0,nJZY8R0g,test_images/Larger/kochSnowflake.png,8,R9,22918,18440,13844,7718,4093,1512,378,168,42,
222016_5:3:14,nJZY8R0g,test_images/Larger/kochSnowflake.png,9,R9,24676,20073,15038,8079,4139,1512,378,168,42,
222016_5:3:28,nJZY8R0g,test_images/Larger/kochSnowflake.png,10,R9,26564,21821,16214,8300,4155,1512,378,168,42,
222016_5:3:42,nJZY8R0g,test_images/Larger/kochSnowflake.png,11,R9,28100,23180,17074,8449,4174,1512,378,168,42,
222016_5:3:57,nJZY8R0g,test_images/Larger/kochSnowflake.png,12,R9,29649,24600,17948,8670,4188,1512,378,168,42,
222016_5:4:11,nJZY8R0g,test_images/Larger/kochSnowflake.png,13,R9,31670,26455,19105,8802,4190,1512,378,168,42,
222016_5:4:26,nJZY8R0g,test_images/Larger/kochSnowflake.png,14,R9,33316,27894,19952,8931,4195,1512,378,168,42,
222016_5:4:41,nJZY8R0g,test_images/Larger/kochSnowflake.png,15,R9,35312,29615,20913,9021,4197,1512,378,168,42,
222016_5:4:57,nJZY8R0g,test_images/Larger/kochSnowflake.png,16,R9,36870,31107,21693,9084,4194,1512,378,168,42,
222016_5:5:14,nJZY8R0g,test_images/Larger/kochSnowflake.png,17,R9,38474,32425,22519,9163,4199,1512,378,168,42,
222016_5:5:27,nJZY8R0g,test_images/Larger/kochSnowflake.png,18,R9,40614,34252,23324,9221,4199,1512,378,168,42,
222016_5:5:40,nJZY8R0g,test_images/Larger/kochSnowflake.png,19,R9,41939,35372,23978,9252,4198,1512,378,168,42,
222016_5:5:54,nJZY8R0g,test_images/Larger/kochSnowflake.png,20,R9,43839,37032,24704,9299,4199,1512,378,168,42,
222016_5:6:8,nJZY8R0g,test_images/Larger/kochSnowflake.png,30,R9,60659,50627,29894,9422,4200,1512,378,168,42,
222016_5:6:20,nJZY8R0g,test_images/Larger/kochSnowflake.png,40,R9,76671,62528,32983,9447,4200,1512,378,168,42,
222016_5:6:33,nJZY8R0g,test_images/Larger/kochSnowflake.png,50,R9,91909,73073,34884,9449,4200,1512,378,168,42,
222016_5:6:45,nJZY8R0g,test_images/Larger/kochSnowflake.png,70,R9,121576,91339,36813,9450,4200,1512,378,168,42,
222016_5:6:56,nJZY8R0g,test_images/Larger/kochSnowflake.png,100,R9,160552,110688,37598,9450,4200,1512,378,168,42,
222016_5:7:5,nJZY8R0g,test_images/Larger/kochSnowflake.png,150,R9,215622,130238,37786,9450,4200,1512,378,168,42,
222016_5:7:14,nJZY8R0g,test_images/Larger/kochSnowflake.png,200,R9,260677,140672,37799,9450,4200,1512,378,168,42,
222016_5:7:22,nJZY8R0g,test_images/Larger/kochSnowflake.png,300,R9,324711,148781,37800,9450,4200,1512,378,168,42,
222016_5:7:29,nJZY8R0g,test_images/Larger/kochSnowflake.png,400,R9,364532,150680,37800,9450,4200,1512,378,168,42,
222016_5:7:36,nJZY8R0g,test_images/Larger/kochSnowflake.png,500,R9,388863,151077,37800,9450,4200,1512,378,168,42,
222016_5:7:41,nJZY8R0g,test_images/Larger/kochSnowflake.png,600,R9,403287,151188,37800,9450,4200,1512,378,168,42,
222016_5:7:47,nJZY8R0g,test_images/Larger/kochSnowflake.png,700,R9,411343,151196,37800,9450,4200,1512,378,168,42,
222016_5:7:52,nJZY8R0g,test_images/Larger/kochSnowflake.png,800,R9,415796,151200,37800,9450,4200,1512,378,168,42,
222016_5:7:56,nJZY8R0g,test_images/Larger/kochSnowflake.png,900,R9,418165,151200,37800,9450,4200,1512,378,168,42,
222016_5:8:2,nJZY8R0g,test_images/Larger/kochSnowflake.png,1000,R9,419188,151200,37800,9450,4200,1512,378,168,42,
222016_5:8:6,nJZY8R0g,test_images/Larger/kochSnowflake.png,1100,R9,419717,151200,37800,9450,4200,1512,378,168,42,
222016_5:8:11,nJZY8R0g,test_images/Larger/kochSnowflake.png,1200,R9,419887,151200,37800,9450,4200,1512,378,168,42,
222016_5:8:15,nJZY8R0g,test_images/Larger/kochSnowflake.png,1300,R9,419956,151200,37800,9450,4200,1512,378,168,42,
222016_5:8:19,nJZY8R0g,test_images/Larger/kochSnowflake.png,1400,R9,419991,151200,37800,9450,4200,1512,378,168,42,
222016_5:8:24,nJZY8R0g,test_images/Larger/kochSnowflake.png,1500,R9,419998,151200,37800,9450,4200,1512,378,168,42,
222016_5:8:28,nJZY8R0g,test_images/Larger/kochSnowflake.png,1700,R9,420000,151200,37800,9450,4200,1512,378,168,42,
222016_5:8:33,nJZY8R0g,test_images/Larger/kochSnowflake.png,1900,R9,420000,151200,37800,9450,4200,1512,378,168,42,
722016_12:25:36,7Awcmjqj,test_images/Larger/kochSnowflake.png,0,R9,8198,4343,1915,780,468,217,100,54,18,
722016_12:25:49,7Awcmjqj,test_images/Larger/kochSnowflake.png,1,R9,10007,6139,3636,2325,1787,1112,375,168,42,
722016_12:26:2,7Awcmjqj,test_images/Larger/kochSnowflake.png,2,R9,11823,7896,5269,3612,2668,1402,378,168,42,
722016_12:26:15,7Awcmjqj,test_images/Larger/kochSnowflake.png,3,R9,13755,9790,6934,4668,3223,1478,378,168,42,
722016_12:26:28,7Awcmjqj,test_images/Larger/kochSnowflake.png,4,R9,15645,11613,8523,5581,3580,1503,378,168,42,
722016_12:26:40,7Awcmjqj,test_images/Larger/kochSnowflake.png,5,R9,17589,13462,10037,6398,3826,1511,378,168,42,
722016_12:26:53,7Awcmjqj,test_images/Larger/kochSnowflake.png,6,R9,19084,14889,11170,6819,3954,1511,378,168,42,
722016_12:27:5,7Awcmjqj,test_images/Larger/kochSnowflake.png,7,R9,21067,16788,12612,7323,4057,1512,378,168,42,
722016_12:27:17,7Awcmjqj,test_images/Larger/kochSnowflake.png,8,R9,22810,18433,13878,7748,4097,1512,378,168,42,
722016_12:27:29,7Awcmjqj,test_images/Larger/kochSnowflake.png,9,R9,24565,19982,14887,7984,4131,1512,378,168,42,
722016_12:27:41,7Awcmjqj,test_images/Larger/kochSnowflake.png,10,R9,26409,21650,16027,8273,4152,1512,378,168,42,
722016_12:27:53,7Awcmjqj,test_images/Larger/kochSnowflake.png,11,R9,28352,23449,17327,8552,4170,1512,378,168,42,
722016_12:28:5,7Awcmjqj,test_images/Larger/kochSnowflake.png,12,R9,29880,24896,18200,8720,4188,1512,378,168,42,
722016_12:28:16,7Awcmjqj,test_images/Larger/kochSnowflake.png,13,R9,31661,26391,19063,8791,4188,1512,378,168,42,
722016_12:28:28,7Awcmjqj,test_images/Larger/kochSnowflake.png,14,R9,33334,27909,19944,8913,4195,1512,378,168,42,
722016_12:28:39,7Awcmjqj,test_images/Larger/kochSnowflake.png,15,R9,35191,29576,20903,9020,4197,1512,378,168,42,
722016_12:28:51,7Awcmjqj,test_images/Larger/kochSnowflake.png,16,R9,37020,31194,21836,9111,4199,1512,378,168,42,
722016_12:29:2,7Awcmjqj,test_images/Larger/kochSnowflake.png,17,R9,38502,32411,22414,9176,4199,1512,378,168,42,
722016_12:29:14,7Awcmjqj,test_images/Larger/kochSnowflake.png,18,R9,40334,34057,23221,9230,4200,1512,378,168,42,
722016_12:29:25,7Awcmjqj,test_images/Larger/kochSnowflake.png,19,R9,41924,35271,23945,9264,4200,1512,378,168,42,
722016_12:29:36,7Awcmjqj,test_images/Larger/kochSnowflake.png,20,R9,43892,36991,24718,9283,4199,1512,378,168,42,
722016_12:29:47,7Awcmjqj,test_images/Larger/kochSnowflake.png,30,R9,60603,50444,29975,9427,4200,1512,378,168,42,
722016_12:29:57,7Awcmjqj,test_images/Larger/kochSnowflake.png,40,R9,76656,62460,33086,9446,4200,1512,378,168,42,
722016_12:30:7,7Awcmjqj,test_images/Larger/kochSnowflake.png,50,R9,92326,73266,34915,9450,4200,1512,378,168,42,
722016_12:30:17,7Awcmjqj,test_images/Larger/kochSnowflake.png,70,R9,121422,91165,36765,9450,4200,1512,378,168,42,
722016_12:30:26,7Awcmjqj,test_images/Larger/kochSnowflake.png,100,R9,160749,110629,37587,9450,4200,1512,378,168,42,
722016_12:30:34,7Awcmjqj,test_images/Larger/kochSnowflake.png,150,R9,216554,130487,37790,9450,4200,1512,378,168,42,
722016_12:30:42,7Awcmjqj,test_images/Larger/kochSnowflake.png,200,R9,260663,140706,37800,9450,4200,1512,378,168,42,
722016_12:30:49,7Awcmjqj,test_images/Larger/kochSnowflake.png,300,R9,324665,148682,37800,9450,4200,1512,378,168,42,
722016_12:30:55,7Awcmjqj,test_images/Larger/kochSnowflake.png,400,R9,364836,150683,37800,9450,4200,1512,378,168,42,
722016_12:31:1,7Awcmjqj,test_images/Larger/kochSnowflake.png,500,R9,389103,151089,37800,9450,4200,1512,378,168,42,
722016_12:31:6,7Awcmjqj,test_images/Larger/kochSnowflake.png,600,R9,403174,151179,37800,9450,4200,1512,378,168,42,
722016_12:31:11,7Awcmjqj,test_images/Larger/kochSnowflake.png,700,R9,411416,151197,37800,9450,4200,1512,378,168,42,
722016_12:31:18,7Awcmjqj,test_images/Larger/kochSnowflake.png,800,R9,415878,151200,37800,9450,4200,1512,378,168,42,
722016_12:31:26,7Awcmjqj,test_images/Larger/kochSnowflake.png,900,R9,418104,151200,37800,9450,4200,1512,378,168,42,
722016_12:31:31,7Awcmjqj,test_images/Larger/kochSnowflake.png,1000,R9,419143,151200,37800,9450,4200,1512,378,168,42,
722016_12:31:35,7Awcmjqj,test_images/Larger/kochSnowflake.png,1100,R9,419683,151200,37800,9450,4200,1512,378,168,42,
722016_12:31:39,7Awcmjqj,test_images/Larger/kochSnowflake.png,1200,R9,419899,151200,37800,9450,4200,1512,378,168,42,
722016_12:31:43,7Awcmjqj,test_images/Larger/kochSnowflake.png,1300,R9,419965,151200,37800,9450,4200,1512,378,168,42,
722016_12:31:49,7Awcmjqj,test_images/Larger/kochSnowflake.png,1400,R9,419989,151200,37800,9450,4200,1512,378,168,42,
722016_12:31:56,7Awcmjqj,test_images/Larger/kochSnowflake.png,1500,R9,419998,151200,37800,9450,4200,1512,378,168,42,
722016_12:32:2,7Awcmjqj,test_images/Larger/kochSnowflake.png,1700,R9,420000,151200,37800,9450,4200,1512,378,168,42,
722016_12:32:6,7Awcmjqj,test_images/Larger/kochSnowflake.png,1900,R9,420000,151200,37800,9450,4200,1512,378,168,42,
822016_0:29:21,TZSk0x3r,test_images/Larger/kochSnowflake.png,0,R9,8198,4343,1915,780,468,217,100,54,18,
822016_0:29:32,TZSk0x3r,test_images/Larger/kochSnowflake.png,1,R9,43681,36867,24539,9280,4200,1512,378,168,42,
822016_0:29:43,TZSk0x3r,test_images/Larger/kochSnowflake.png,2,R9,77123,62985,33048,9448,4200,1512,378,168,42,
822016_0:29:53,TZSk0x3r,test_images/Larger/kochSnowflake.png,3,R9,106672,82532,36093,9450,4200,1512,378,168,42,
822016_0:30:2,TZSk0x3r,test_images/Larger/kochSnowflake.png,4,R9,134815,98102,37223,9450,4200,1512,378,168,42,
822016_0:30:11,TZSk0x3r,test_images/Larger/kochSnowflake.png,5,R9,160392,110387,37579,9450,4200,1512,378,168,42,
822016_0:30:20,TZSk0x3r,test_images/Larger/kochSnowflake.png,6,R9,183564,119778,37732,9450,4200,1512,378,168,42,
822016_0:30:28,TZSk0x3r,test_images/Larger/kochSnowflake.png,7,R9,205980,127302,37777,9450,4200,1512,378,168,42,
822016_0:30:36,TZSk0x3r,test_images/Larger/kochSnowflake.png,8,R9,225572,132915,37796,9450,4200,1512,378,168,42,
822016_0:30:44,TZSk0x3r,test_images/Larger/kochSnowflake.png,9,R9,243351,137243,37796,9450,4200,1512,378,168,42,
822016_0:30:52,TZSk0x3r,test_images/Larger/kochSnowflake.png,10,R9,259759,140410,37800,9450,4200,1512,378,168,42,
822016_0:30:59,TZSk0x3r,test_images/Larger/kochSnowflake.png,11,R9,276074,143155,37800,9450,4200,1512,378,168,42,
822016_0:31:6,TZSk0x3r,test_images/Larger/kochSnowflake.png,12,R9,289929,145269,37800,9450,4200,1512,378,168,42,
822016_0:31:13,TZSk0x3r,test_images/Larger/kochSnowflake.png,13,R9,302427,146687,37800,9450,4200,1512,378,168,42,
822016_0:31:20,TZSk0x3r,test_images/Larger/kochSnowflake.png,14,R9,313720,147838,37800,9450,4200,1512,378,168,42,
822016_0:31:27,TZSk0x3r,test_images/Larger/kochSnowflake.png,15,R9,324349,148801,37800,9450,4200,1512,378,168,42,
822016_0:31:34,TZSk0x3r,test_images/Larger/kochSnowflake.png,16,R9,334001,149383,37800,9450,4200,1512,378,168,42,
822016_0:31:40,TZSk0x3r,test_images/Larger/kochSnowflake.png,17,R9,342810,149851,37800,9450,4200,1512,378,168,42,
822016_0:31:46,TZSk0x3r,test_images/Larger/kochSnowflake.png,18,R9,350890,150177,37800,9450,4200,1512,378,168,42,
822016_0:31:52,TZSk0x3r,test_images/Larger/kochSnowflake.png,19,R9,358143,150403,37800,9450,4200,1512,378,168,42,
822016_0:31:58,TZSk0x3r,test_images/Larger/kochSnowflake.png,20,R9,364903,150645,37800,9450,4200,1512,378,168,42,
822016_0:32:4,TZSk0x3r,test_images/Larger/kochSnowflake.png,21,R9,371003,150818,37800,9450,4200,1512,378,168,42,
822016_0:32:10,TZSk0x3r,test_images/Larger/kochSnowflake.png,22,R9,376153,150915,37800,9450,4200,1512,378,168,42,
822016_0:32:15,TZSk0x3r,test_images/Larger/kochSnowflake.png,23,R9,380743,150983,37800,9450,4200,1512,378,168,42,
822016_0:32:21,TZSk0x3r,test_images/Larger/kochSnowflake.png,24,R9,385021,151040,37800,9450,4200,1512,378,168,42,
822016_0:32:26,TZSk0x3r,test_images/Larger/kochSnowflake.png,25,R9,388979,151085,37800,9450,4200,1512,378,168,42,
822016_0:32:32,TZSk0x3r,test_images/Larger/kochSnowflake.png,26,R9,392587,151121,37800,9450,4200,1512,378,168,42,
822016_0:32:37,TZSk0x3r,test_images/Larger/kochSnowflake.png,27,R9,396003,151160,37800,9450,4200,1512,378,168,42,
822016_0:32:42,TZSk0x3r,test_images/Larger/kochSnowflake.png,28,R9,398458,151160,37800,9450,4200,1512,378,168,42,
822016_0:32:48,TZSk0x3r,test_images/Larger/kochSnowflake.png,29,R9,401232,151172,37800,9450,4200,1512,378,168,42,
822016_0:32:53,TZSk0x3r,test_images/Larger/kochSnowflake.png,30,R9,403282,151179,37800,9450,4200,1512,378,168,42,
822016_0:34:46,C2zTaaiZ,test_images/Larger/kochSnowflake.png,0,R9,8198,4343,1915,780,468,217,100,54,18,
822016_0:35:1,C2zTaaiZ,test_images/Larger/kochSnowflake.png,0.1,R9,11974,8058,5403,3688,2693,1411,378,168,42,
822016_0:35:13,C2zTaaiZ,test_images/Larger/kochSnowflake.png,0.2,R9,15553,11517,8426,5539,3584,1506,378,168,42,
822016_0:35:26,C2zTaaiZ,test_images/Larger/kochSnowflake.png,0.3,R9,19298,15101,11346,6892,3936,1511,378,168,42,
822016_0:35:40,C2zTaaiZ,test_images/Larger/kochSnowflake.png,0.4,R9,23062,18551,13914,7743,4113,1512,378,168,42,
822016_0:35:52,C2zTaaiZ,test_images/Larger/kochSnowflake.png,0.5,R9,26487,21759,16218,8329,4153,1512,378,168,42,
822016_0:36:2,C2zTaaiZ,test_images/Larger/kochSnowflake.png,0.6,R9,30016,24940,18148,8689,4189,1512,378,168,42,
822016_0:36:13,C2zTaaiZ,test_images/Larger/kochSnowflake.png,0.7,R9,33450,28054,20129,8945,4188,1512,378,168,42,
822016_0:36:24,C2zTaaiZ,test_images/Larger/kochSnowflake.png,0.8,R9,36815,30971,21701,9101,4197,1512,378,168,42,
822016_0:36:38,C2zTaaiZ,test_images/Larger/kochSnowflake.png,0.9,R9,40151,33906,23198,9206,4200,1512,378,168,42,
822016_0:36:49,C2zTaaiZ,test_images/Larger/kochSnowflake.png,1,R9,43624,36792,24566,9296,4199,1512,378,168,42,
822016_0:36:58,C2zTaaiZ,test_images/Larger/kochSnowflake.png,2,R9,76545,62572,33073,9447,4200,1512,378,168,42,
822016_0:37:9,C2zTaaiZ,test_images/Larger/kochSnowflake.png,3,R9,106891,82796,36057,9450,4200,1512,378,168,42,
822016_0:37:18,C2zTaaiZ,test_images/Larger/kochSnowflake.png,4,R9,135013,98137,37142,9450,4200,1512,378,168,42,
822016_0:37:26,C2zTaaiZ,test_images/Larger/kochSnowflake.png,5,R9,160547,110242,37590,9450,4200,1512,378,168,42,
822016_0:37:34,C2zTaaiZ,test_images/Larger/kochSnowflake.png,6,R9,183888,119922,37733,9450,4200,1512,378,168,42,
822016_0:37:41,C2zTaaiZ,test_images/Larger/kochSnowflake.png,7,R9,205995,127386,37774,9450,4200,1512,378,168,42,
822016_0:37:49,C2zTaaiZ,test_images/Larger/kochSnowflake.png,8,R9,225428,132829,37795,9450,4200,1512,378,168,42,
822016_0:37:56,C2zTaaiZ,test_images/Larger/kochSnowflake.png,9,R9,243658,137416,37799,9450,4200,1512,378,168,42,
822016_0:38:3,C2zTaaiZ,test_images/Larger/kochSnowflake.png,10,R9,260494,140633,37800,9450,4200,1512,378,168,42,
822016_0:38:10,C2zTaaiZ,test_images/Larger/kochSnowflake.png,11,R9,274811,143088,37800,9450,4200,1512,378,168,42,
822016_0:38:18,C2zTaaiZ,test_images/Larger/kochSnowflake.png,12,R9,289306,145179,37800,9450,4200,1512,378,168,42,
822016_0:38:25,C2zTaaiZ,test_images/Larger/kochSnowflake.png,13,R9,302614,146623,37800,9450,4200,1512,378,168,42,
822016_0:38:31,C2zTaaiZ,test_images/Larger/kochSnowflake.png,14,R9,313945,147818,37800,9450,4200,1512,378,168,42,
822016_0:38:38,C2zTaaiZ,test_images/Larger/kochSnowflake.png,15,R9,324549,148656,37800,9450,4200,1512,378,168,42,
822016_0:38:45,C2zTaaiZ,test_images/Larger/kochSnowflake.png,16,R9,334204,149311,37800,9450,4200,1512,378,168,42,
822016_0:38:51,C2zTaaiZ,test_images/Larger/kochSnowflake.png,17,R9,343102,149796,37800,9450,4200,1512,378,168,42,
822016_0:38:57,C2zTaaiZ,test_images/Larger/kochSnowflake.png,18,R9,351010,150180,37800,9450,4200,1512,378,168,42,
822016_0:39:3,C2zTaaiZ,test_images/Larger/kochSnowflake.png,19,R9,357795,150453,37800,9450,4200,1512,378,168,42,
822016_0:39:9,C2zTaaiZ,test_images/Larger/kochSnowflake.png,20,R9,364787,150636,37800,9450,4200,1512,378,168,42,
822016_0:39:15,C2zTaaiZ,test_images/Larger/kochSnowflake.png,21,R9,370590,150777,37800,9450,4200,1512,378,168,42,
822016_0:39:21,C2zTaaiZ,test_images/Larger/kochSnowflake.png,22,R9,375933,150892,37800,9450,4200,1512,378,168,42,
822016_0:39:27,C2zTaaiZ,test_images/Larger/kochSnowflake.png,23,R9,380695,150964,37800,9450,4200,1512,378,168,42,
822016_0:39:32,C2zTaaiZ,test_images/Larger/kochSnowflake.png,24,R9,384930,151052,37800,9450,4200,1512,378,168,42,
822016_0:39:38,C2zTaaiZ,test_images/Larger/kochSnowflake.png,25,R9,389004,151084,37800,9450,4200,1512,378,168,42,
822016_0:39:44,C2zTaaiZ,test_images/Larger/kochSnowflake.png,26,R9,392679,151122,37800,9450,4200,1512,378,168,42,
822016_0:39:49,C2zTaaiZ,test_images/Larger/kochSnowflake.png,27,R9,396073,151149,37800,9450,4200,1512,378,168,42,
822016_0:39:55,C2zTaaiZ,test_images/Larger/kochSnowflake.png,28,R9,398714,151173,37800,9450,4200,1512,378,168,42,
822016_0:40:2,C2zTaaiZ,test_images/Larger/kochSnowflake.png,29,R9,401217,151174,37800,9450,4200,1512,378,168,42,
822016_0:40:8,C2zTaaiZ,test_images/Larger/kochSnowflake.png,30,R9,403402,151186,37800,9450,4200,1512,378,168,42,
822016_0:40:13,C2zTaaiZ,test_images/Larger/kochSnowflake.png,35,R9,411341,151200,37800,9450,4200,1512,378,168,42,
822016_0:40:18,C2zTaaiZ,test_images/Larger/kochSnowflake.png,40,R9,415886,151199,37800,9450,4200,1512,378,168,42,
822016_0:40:22,C2zTaaiZ,test_images/Larger/kochSnowflake.png,45,R9,418105,151200,37800,9450,4200,1512,378,168,42,
822016_0:40:27,C2zTaaiZ,test_images/Larger/kochSnowflake.png,50,R9,419204,151200,37800,9450,4200,1512,378,168,42,
822016_0:42:25,uSS8XC3R,test_images/Larger/kochSnowflake.png,0,R9,8198,4343,1915,780,468,217,100,54,18,
822016_0:42:41,uSS8XC3R,test_images/Larger/kochSnowflake.png,0.1,R9,11891,7960,5355,3658,2717,1414,378,168,42,
822016_0:42:57,uSS8XC3R,test_images/Larger/kochSnowflake.png,0.2,R9,15411,11364,8299,5455,3545,1498,378,168,42,
822016_0:43:12,uSS8XC3R,test_images/Larger/kochSnowflake.png,0.3,R9,19317,15117,11356,6915,3962,1511,378,168,42,
822016_0:43:28,uSS8XC3R,test_images/Larger/kochSnowflake.png,0.4,R9,22885,18445,13800,7697,4081,1512,378,168,42,
822016_0:43:43,uSS8XC3R,test_images/Larger/kochSnowflake.png,0.5,R9,26249,21581,15947,8238,4164,1512,378,168,42,
822016_0:44:0,uSS8XC3R,test_images/Larger/kochSnowflake.png,0.6,R9,29930,24853,18221,8686,4186,1512,378,168,42,
822016_0:44:16,uSS8XC3R,test_images/Larger/kochSnowflake.png,0.7,R9,33489,28032,20102,8945,4200,1512,378,168,42,
822016_0:44:33,uSS8XC3R,test_images/Larger/kochSnowflake.png,0.8,R9,36811,30934,21659,9051,4195,1512,378,168,42,
822016_0:44:45,uSS8XC3R,test_images/Larger/kochSnowflake.png,0.9,R9,40291,34008,23269,9209,4197,1512,378,168,42,
822016_0:45:3,uSS8XC3R,test_images/Larger/kochSnowflake.png,1,R9,43992,37173,24748,9299,4200,1512,378,168,42,
922016_9:7:22,v19mX3nP,test_images/Larger/kochSnowflake.png,0,R9,8198,4343,1915,780,468,217,100,54,18,
922016_9:7:37,v19mX3nP,test_images/Larger/kochSnowflake.png,0.01,R9,8612,4752,2310,1160,817,540,289,159,42,
922016_9:7:51,v19mX3nP,test_images/Larger/kochSnowflake.png,0.02,R9,8945,5088,2638,1449,1090,724,346,167,42,
922016_9:8:5,v19mX3nP,test_images/Larger/kochSnowflake.png,0.03,R9,9294,5424,2960,1746,1337,904,359,168,42,
922016_9:8:19,v19mX3nP,test_images/Larger/kochSnowflake.png,0.04,R9,9589,5724,3257,1993,1534,1001,374,168,42,
922016_9:8:32,v19mX3nP,test_images/Larger/kochSnowflake.png,0.05,R9,10095,6213,3704,2387,1844,1159,377,168,42,
922016_9:8:47,v19mX3nP,test_images/Larger/kochSnowflake.png,0.06,R9,10397,6514,4003,2629,2008,1217,374,168,42,
922016_9:9:2,v19mX3nP,test_images/Larger/kochSnowflake.png,0.07,R9,10799,6903,4349,2923,2233,1309,378,168,42,
922016_9:9:16,v19mX3nP,test_images/Larger/kochSnowflake.png,0.08,R9,11120,7230,4652,3115,2362,1344,378,168,42,
922016_9:9:30,v19mX3nP,test_images/Larger/kochSnowflake.png,0.09,R9,11538,7623,5039,3405,2553,1374,378,168,42,
922016_9:9:45,v19mX3nP,test_images/Larger/kochSnowflake.png,0.1,R9,11948,8020,5379,3696,2727,1415,378,168,42,
922016_9:9:58,v19mX3nP,test_images/Larger/kochSnowflake.png,0.2,R9,15637,11594,8492,5565,3604,1498,378,168,42,
922016_9:10:12,v19mX3nP,test_images/Larger/kochSnowflake.png,0.3,R9,19180,14968,11330,6872,3956,1511,378,168,42,
922016_9:10:25,v19mX3nP,test_images/Larger/kochSnowflake.png,0.4,R9,22662,18247,13677,7669,4084,1512,378,168,42,
922016_9:10:38,v19mX3nP,test_images/Larger/kochSnowflake.png,0.5,R9,26380,21683,16159,8306,4161,1512,378,168,42,
922016_9:10:50,v19mX3nP,test_images/Larger/kochSnowflake.png,0.6,R9,29961,24943,18258,8692,4178,1512,378,168,42,
922016_9:11:3,v19mX3nP,test_images/Larger/kochSnowflake.png,0.7,R9,33392,27949,20035,8985,4189,1512,378,168,42,
922016_9:11:15,v19mX3nP,test_images/Larger/kochSnowflake.png,0.8,R9,37006,31087,21692,9116,4198,1512,378,168,42,
922016_9:11:26,v19mX3nP,test_images/Larger/kochSnowflake.png,0.9,R9,40290,33946,23254,9220,4196,1512,378,168,42,
922016_9:11:38,v19mX3nP,test_images/Larger/kochSnowflake.png,1,R9,43697,36819,24545,9276,4200,1512,378,168,42,
922016_9:11:49,v19mX3nP,test_images/Larger/kochSnowflake.png,2,R9,76242,62237,33004,9449,4200,1512,378,168,42,
922016_9:12:0,v19mX3nP,test_images/Larger/kochSnowflake.png,3,R9,106932,82496,36078,9450,4200,1512,378,168,42,
922016_9:12:10,v19mX3nP,test_images/Larger/kochSnowflake.png,4,R9,134846,98333,37169,9450,4200,1512,378,168,42,
922016_9:12:21,v19mX3nP,test_images/Larger/kochSnowflake.png,5,R9,160925,110629,37587,9450,4200,1512,378,168,42,
922016_9:12:32,v19mX3nP,test_images/Larger/kochSnowflake.png,6,R9,184339,119903,37717,9450,4200,1512,378,168,42,
922016_9:12:41,v19mX3nP,test_images/Larger/kochSnowflake.png,7,R9,205736,127431,37770,9450,4200,1512,378,168,42,
922016_9:12:51,v19mX3nP,test_images/Larger/kochSnowflake.png,8,R9,225858,133011,37785,9450,4200,1512,378,168,42,
922016_9:12:59,v19mX3nP,test_images/Larger/kochSnowflake.png,9,R9,243201,137305,37797,9450,4200,1512,378,168,42,
922016_9:13:8,v19mX3nP,test_images/Larger/kochSnowflake.png,10,R9,260243,140809,37800,9450,4200,1512,378,168,42,
922016_9:13:16,v19mX3nP,test_images/Larger/kochSnowflake.png,15,R9,324546,148680,37800,9450,4200,1512,378,168,42,
922016_9:13:23,v19mX3nP,test_images/Larger/kochSnowflake.png,20,R9,364746,150614,37800,9450,4200,1512,378,168,42,
922016_9:13:30,v19mX3nP,test_images/Larger/kochSnowflake.png,25,R9,389269,151071,37800,9450,4200,1512,378,168,42,
922016_9:13:37,v19mX3nP,test_images/Larger/kochSnowflake.png,30,R9,403493,151189,37800,9450,4200,1512,378,168,42,
922016_9:13:42,v19mX3nP,test_images/Larger/kochSnowflake.png,35,R9,411388,151193,37800,9450,4200,1512,378,168,42,
922016_9:13:47,v19mX3nP,test_images/Larger/kochSnowflake.png,40,R9,415917,151199,37800,9450,4200,1512,378,168,42,
922016_9:13:52,v19mX3nP,test_images/Larger/kochSnowflake.png,45,R9,418140,151200,37800,9450,4200,1512,378,168,42,
922016_9:13:56,v19mX3nP,test_images/Larger/kochSnowflake.png,50,R9,419218,151200,37800,9450,4200,1512,378,168,42,
